Traceback (most recent call last):
  File "/usr/share/miniconda/lib/python3.7/site-packages/jupyter_cache/executors/utils.py", line 56, in single_nb_execution
    record_timing=False,
  File "/usr/share/miniconda/lib/python3.7/site-packages/nbclient/client.py", line 1112, in execute
    return NotebookClient(nb=nb, resources=resources, km=km, **kwargs).execute()
  File "/usr/share/miniconda/lib/python3.7/site-packages/nbclient/util.py", line 74, in wrapped
    return just_run(coro(*args, **kwargs))
  File "/usr/share/miniconda/lib/python3.7/site-packages/nbclient/util.py", line 53, in just_run
    return loop.run_until_complete(coro)
  File "/usr/share/miniconda/lib/python3.7/asyncio/base_events.py", line 587, in run_until_complete
    return future.result()
  File "/usr/share/miniconda/lib/python3.7/site-packages/nbclient/client.py", line 554, in async_execute
    cell, index, execution_count=self.code_cells_executed + 1
  File "/usr/share/miniconda/lib/python3.7/site-packages/nbclient/client.py", line 857, in async_execute_cell
    self._check_raise_for_error(cell, exec_reply)
  File "/usr/share/miniconda/lib/python3.7/site-packages/nbclient/client.py", line 760, in _check_raise_for_error
    raise CellExecutionError.from_cell_and_msg(cell, exec_reply_content)
nbclient.exceptions.CellExecutionError: An error occurred while executing the following cell:
------------------
import pandas as pd
import matplotlib.pyplot as plt
import seaborn as sns
import matplotlib as mpl
import numpy as np
import jax.numpy as jnp
import jax.experimental.optimizers as optimizers
import jax
import warnings
warnings.filterwarnings('ignore')
sns.set_context('notebook')
sns.set_style('dark',  {'xtick.bottom':True, 'ytick.left':True, 'xtick.color': '#666666', 'ytick.color': '#666666',
                        'axes.edgecolor': '#666666', 'axes.linewidth':     0.8 , 'figure.dpi': 300})
color_cycle = ['#1BBC9B', '#F06060', '#5C4B51', '#F3B562', '#6e5687']
mpl.rcParams['axes.prop_cycle'] = mpl.cycler(color=color_cycle) 
soldata = pd.read_csv('https://dataverse.harvard.edu/api/access/datafile/3407241?format=original&gbrecs=true')
features_start_at = list(soldata.columns).index('MolWt')
feature_names = soldata.columns[features_start_at:]
np.random.seed(0)

# standardize the features
soldata[feature_names] -= soldata[feature_names].mean()
soldata[feature_names] /= soldata[feature_names].std()
------------------

[0;31m---------------------------------------------------------------------------[0m
[0;31mHTTPError[0m                                 Traceback (most recent call last)
[0;32m/tmp/ipykernel_11951/4015435273.py[0m in [0;36m<module>[0;34m[0m
[1;32m     14[0m [0mcolor_cycle[0m [0;34m=[0m [0;34m[[0m[0;34m'#1BBC9B'[0m[0;34m,[0m [0;34m'#F06060'[0m[0;34m,[0m [0;34m'#5C4B51'[0m[0;34m,[0m [0;34m'#F3B562'[0m[0;34m,[0m [0;34m'#6e5687'[0m[0;34m][0m[0;34m[0m[0;34m[0m[0m
[1;32m     15[0m [0mmpl[0m[0;34m.[0m[0mrcParams[0m[0;34m[[0m[0;34m'axes.prop_cycle'[0m[0;34m][0m [0;34m=[0m [0mmpl[0m[0;34m.[0m[0mcycler[0m[0;34m([0m[0mcolor[0m[0;34m=[0m[0mcolor_cycle[0m[0;34m)[0m[0;34m[0m[0;34m[0m[0m
[0;32m---> 16[0;31m [0msoldata[0m [0;34m=[0m [0mpd[0m[0;34m.[0m[0mread_csv[0m[0;34m([0m[0;34m'https://dataverse.harvard.edu/api/access/datafile/3407241?format=original&gbrecs=true'[0m[0;34m)[0m[0;34m[0m[0;34m[0m[0m
[0m[1;32m     17[0m [0mfeatures_start_at[0m [0;34m=[0m [0mlist[0m[0;34m([0m[0msoldata[0m[0;34m.[0m[0mcolumns[0m[0;34m)[0m[0;34m.[0m[0mindex[0m[0;34m([0m[0;34m'MolWt'[0m[0;34m)[0m[0;34m[0m[0;34m[0m[0m
[1;32m     18[0m [0mfeature_names[0m [0;34m=[0m [0msoldata[0m[0;34m.[0m[0mcolumns[0m[0;34m[[0m[0mfeatures_start_at[0m[0;34m:[0m[0;34m][0m[0;34m[0m[0;34m[0m[0m

[0;32m/usr/share/miniconda/lib/python3.7/site-packages/pandas/io/parsers.py[0m in [0;36mread_csv[0;34m(filepath_or_buffer, sep, delimiter, header, names, index_col, usecols, squeeze, prefix, mangle_dupe_cols, dtype, engine, converters, true_values, false_values, skipinitialspace, skiprows, skipfooter, nrows, na_values, keep_default_na, na_filter, verbose, skip_blank_lines, parse_dates, infer_datetime_format, keep_date_col, date_parser, dayfirst, cache_dates, iterator, chunksize, compression, thousands, decimal, lineterminator, quotechar, quoting, doublequote, escapechar, comment, encoding, dialect, error_bad_lines, warn_bad_lines, delim_whitespace, low_memory, memory_map, float_precision, storage_options)[0m
[1;32m    608[0m     [0mkwds[0m[0;34m.[0m[0mupdate[0m[0;34m([0m[0mkwds_defaults[0m[0;34m)[0m[0;34m[0m[0;34m[0m[0m
[1;32m    609[0m [0;34m[0m[0m
[0;32m--> 610[0;31m     [0;32mreturn[0m [0m_read[0m[0;34m([0m[0mfilepath_or_buffer[0m[0;34m,[0m [0mkwds[0m[0;34m)[0m[0;34m[0m[0;34m[0m[0m
[0m[1;32m    611[0m [0;34m[0m[0m
[1;32m    612[0m [0;34m[0m[0m

[0;32m/usr/share/miniconda/lib/python3.7/site-packages/pandas/io/parsers.py[0m in [0;36m_read[0;34m(filepath_or_buffer, kwds)[0m
[1;32m    460[0m [0;34m[0m[0m
[1;32m    461[0m     [0;31m# Create the parser.[0m[0;34m[0m[0;34m[0m[0;34m[0m[0m
[0;32m--> 462[0;31m     [0mparser[0m [0;34m=[0m [0mTextFileReader[0m[0;34m([0m[0mfilepath_or_buffer[0m[0;34m,[0m [0;34m**[0m[0mkwds[0m[0;34m)[0m[0;34m[0m[0;34m[0m[0m
[0m[1;32m    463[0m [0;34m[0m[0m
[1;32m    464[0m     [0;32mif[0m [0mchunksize[0m [0;32mor[0m [0miterator[0m[0;34m:[0m[0;34m[0m[0;34m[0m[0m

[0;32m/usr/share/miniconda/lib/python3.7/site-packages/pandas/io/parsers.py[0m in [0;36m__init__[0;34m(self, f, engine, **kwds)[0m
[1;32m    817[0m             [0mself[0m[0;34m.[0m[0moptions[0m[0;34m[[0m[0;34m"has_index_names"[0m[0;34m][0m [0;34m=[0m [0mkwds[0m[0;34m[[0m[0;34m"has_index_names"[0m[0;34m][0m[0;34m[0m[0;34m[0m[0m
[1;32m    818[0m [0;34m[0m[0m
[0;32m--> 819[0;31m         [0mself[0m[0;34m.[0m[0m_engine[0m [0;34m=[0m [0mself[0m[0;34m.[0m[0m_make_engine[0m[0;34m([0m[0mself[0m[0;34m.[0m[0mengine[0m[0;34m)[0m[0;34m[0m[0;34m[0m[0m
[0m[1;32m    820[0m [0;34m[0m[0m
[1;32m    821[0m     [0;32mdef[0m [0mclose[0m[0;34m([0m[0mself[0m[0;34m)[0m[0;34m:[0m[0;34m[0m[0;34m[0m[0m

[0;32m/usr/share/miniconda/lib/python3.7/site-packages/pandas/io/parsers.py[0m in [0;36m_make_engine[0;34m(self, engine)[0m
[1;32m   1048[0m             )
[1;32m   1049[0m         [0;31m# error: Too many arguments for "ParserBase"[0m[0;34m[0m[0;34m[0m[0;34m[0m[0m
[0;32m-> 1050[0;31m         [0;32mreturn[0m [0mmapping[0m[0;34m[[0m[0mengine[0m[0;34m][0m[0;34m([0m[0mself[0m[0;34m.[0m[0mf[0m[0;34m,[0m [0;34m**[0m[0mself[0m[0;34m.[0m[0moptions[0m[0;34m)[0m  [0;31m# type: ignore[call-arg][0m[0;34m[0m[0;34m[0m[0m
[0m[1;32m   1051[0m [0;34m[0m[0m
[1;32m   1052[0m     [0;32mdef[0m [0m_failover_to_python[0m[0;34m([0m[0mself[0m[0;34m)[0m[0;34m:[0m[0;34m[0m[0;34m[0m[0m

[0;32m/usr/share/miniconda/lib/python3.7/site-packages/pandas/io/parsers.py[0m in [0;36m__init__[0;34m(self, src, **kwds)[0m
[1;32m   1865[0m [0;34m[0m[0m
[1;32m   1866[0m         [0;31m# open handles[0m[0;34m[0m[0;34m[0m[0;34m[0m[0m
[0;32m-> 1867[0;31m         [0mself[0m[0;34m.[0m[0m_open_handles[0m[0;34m([0m[0msrc[0m[0;34m,[0m [0mkwds[0m[0;34m)[0m[0;34m[0m[0;34m[0m[0m
[0m[1;32m   1868[0m         [0;32massert[0m [0mself[0m[0;34m.[0m[0mhandles[0m [0;32mis[0m [0;32mnot[0m [0;32mNone[0m[0;34m[0m[0;34m[0m[0m
[1;32m   1869[0m         [0;32mfor[0m [0mkey[0m [0;32min[0m [0;34m([0m[0;34m"storage_options"[0m[0;34m,[0m [0;34m"encoding"[0m[0;34m,[0m [0;34m"memory_map"[0m[0;34m,[0m [0;34m"compression"[0m[0;34m)[0m[0;34m:[0m[0;34m[0m[0;34m[0m[0m

[0;32m/usr/share/miniconda/lib/python3.7/site-packages/pandas/io/parsers.py[0m in [0;36m_open_handles[0;34m(self, src, kwds)[0m
[1;32m   1366[0m             [0mcompression[0m[0;34m=[0m[0mkwds[0m[0;34m.[0m[0mget[0m[0;34m([0m[0;34m"compression"[0m[0;34m,[0m [0;32mNone[0m[0;34m)[0m[0;34m,[0m[0;34m[0m[0;34m[0m[0m
[1;32m   1367[0m             [0mmemory_map[0m[0;34m=[0m[0mkwds[0m[0;34m.[0m[0mget[0m[0;34m([0m[0;34m"memory_map"[0m[0;34m,[0m [0;32mFalse[0m[0;34m)[0m[0;34m,[0m[0;34m[0m[0;34m[0m[0m
[0;32m-> 1368[0;31m             [0mstorage_options[0m[0;34m=[0m[0mkwds[0m[0;34m.[0m[0mget[0m[0;34m([0m[0;34m"storage_options"[0m[0;34m,[0m [0;32mNone[0m[0;34m)[0m[0;34m,[0m[0;34m[0m[0;34m[0m[0m
[0m[1;32m   1369[0m         )
[1;32m   1370[0m [0;34m[0m[0m

[0;32m/usr/share/miniconda/lib/python3.7/site-packages/pandas/io/common.py[0m in [0;36mget_handle[0;34m(path_or_buf, mode, encoding, compression, memory_map, is_text, errors, storage_options)[0m
[1;32m    561[0m         [0mcompression[0m[0;34m=[0m[0mcompression[0m[0;34m,[0m[0;34m[0m[0;34m[0m[0m
[1;32m    562[0m         [0mmode[0m[0;34m=[0m[0mmode[0m[0;34m,[0m[0;34m[0m[0;34m[0m[0m
[0;32m--> 563[0;31m         [0mstorage_options[0m[0;34m=[0m[0mstorage_options[0m[0;34m,[0m[0;34m[0m[0;34m[0m[0m
[0m[1;32m    564[0m     )
[1;32m    565[0m [0;34m[0m[0m

[0;32m/usr/share/miniconda/lib/python3.7/site-packages/pandas/io/common.py[0m in [0;36m_get_filepath_or_buffer[0;34m(filepath_or_buffer, encoding, compression, mode, storage_options)[0m
[1;32m    287[0m                 [0;34m"storage_options passed with file object or non-fsspec file path"[0m[0;34m[0m[0;34m[0m[0m
[1;32m    288[0m             )
[0;32m--> 289[0;31m         [0mreq[0m [0;34m=[0m [0murlopen[0m[0;34m([0m[0mfilepath_or_buffer[0m[0;34m)[0m[0;34m[0m[0;34m[0m[0m
[0m[1;32m    290[0m         [0mcontent_encoding[0m [0;34m=[0m [0mreq[0m[0;34m.[0m[0mheaders[0m[0;34m.[0m[0mget[0m[0;34m([0m[0;34m"Content-Encoding"[0m[0;34m,[0m [0;32mNone[0m[0;34m)[0m[0;34m[0m[0;34m[0m[0m
[1;32m    291[0m         [0;32mif[0m [0mcontent_encoding[0m [0;34m==[0m [0;34m"gzip"[0m[0;34m:[0m[0;34m[0m[0;34m[0m[0m

[0;32m/usr/share/miniconda/lib/python3.7/site-packages/pandas/io/common.py[0m in [0;36murlopen[0;34m(*args, **kwargs)[0m
[1;32m    193[0m     [0;32mimport[0m [0murllib[0m[0;34m.[0m[0mrequest[0m[0;34m[0m[0;34m[0m[0m
[1;32m    194[0m [0;34m[0m[0m
[0;32m--> 195[0;31m     [0;32mreturn[0m [0murllib[0m[0;34m.[0m[0mrequest[0m[0;34m.[0m[0murlopen[0m[0;34m([0m[0;34m*[0m[0margs[0m[0;34m,[0m [0;34m**[0m[0mkwargs[0m[0;34m)[0m[0;34m[0m[0;34m[0m[0m
[0m[1;32m    196[0m [0;34m[0m[0m
[1;32m    197[0m [0;34m[0m[0m

[0;32m/usr/share/miniconda/lib/python3.7/urllib/request.py[0m in [0;36murlopen[0;34m(url, data, timeout, cafile, capath, cadefault, context)[0m
[1;32m    220[0m     [0;32melse[0m[0;34m:[0m[0;34m[0m[0;34m[0m[0m
[1;32m    221[0m         [0mopener[0m [0;34m=[0m [0m_opener[0m[0;34m[0m[0;34m[0m[0m
[0;32m--> 222[0;31m     [0;32mreturn[0m [0mopener[0m[0;34m.[0m[0mopen[0m[0;34m([0m[0murl[0m[0;34m,[0m [0mdata[0m[0;34m,[0m [0mtimeout[0m[0;34m)[0m[0;34m[0m[0;34m[0m[0m
[0m[1;32m    223[0m [0;34m[0m[0m
[1;32m    224[0m [0;32mdef[0m [0minstall_opener[0m[0;34m([0m[0mopener[0m[0;34m)[0m[0;34m:[0m[0;34m[0m[0;34m[0m[0m

[0;32m/usr/share/miniconda/lib/python3.7/urllib/request.py[0m in [0;36mopen[0;34m(self, fullurl, data, timeout)[0m
[1;32m    529[0m         [0;32mfor[0m [0mprocessor[0m [0;32min[0m [0mself[0m[0;34m.[0m[0mprocess_response[0m[0;34m.[0m[0mget[0m[0;34m([0m[0mprotocol[0m[0;34m,[0m [0;34m[[0m[0;34m][0m[0;34m)[0m[0;34m:[0m[0;34m[0m[0;34m[0m[0m
[1;32m    530[0m             [0mmeth[0m [0;34m=[0m [0mgetattr[0m[0;34m([0m[0mprocessor[0m[0;34m,[0m [0mmeth_name[0m[0;34m)[0m[0;34m[0m[0;34m[0m[0m
[0;32m--> 531[0;31m             [0mresponse[0m [0;34m=[0m [0mmeth[0m[0;34m([0m[0mreq[0m[0;34m,[0m [0mresponse[0m[0;34m)[0m[0;34m[0m[0;34m[0m[0m
[0m[1;32m    532[0m [0;34m[0m[0m
[1;32m    533[0m         [0;32mreturn[0m [0mresponse[0m[0;34m[0m[0;34m[0m[0m

[0;32m/usr/share/miniconda/lib/python3.7/urllib/request.py[0m in [0;36mhttp_response[0;34m(self, request, response)[0m
[1;32m    639[0m         [0;32mif[0m [0;32mnot[0m [0;34m([0m[0;36m200[0m [0;34m<=[0m [0mcode[0m [0;34m<[0m [0;36m300[0m[0;34m)[0m[0;34m:[0m[0;34m[0m[0;34m[0m[0m
[1;32m    640[0m             response = self.parent.error(
[0;32m--> 641[0;31m                 'http', request, response, code, msg, hdrs)
[0m[1;32m    642[0m [0;34m[0m[0m
[1;32m    643[0m         [0;32mreturn[0m [0mresponse[0m[0;34m[0m[0;34m[0m[0m

[0;32m/usr/share/miniconda/lib/python3.7/urllib/request.py[0m in [0;36merror[0;34m(self, proto, *args)[0m
[1;32m    567[0m         [0;32mif[0m [0mhttp_err[0m[0;34m:[0m[0;34m[0m[0;34m[0m[0m
[1;32m    568[0m             [0margs[0m [0;34m=[0m [0;34m([0m[0mdict[0m[0;34m,[0m [0;34m'default'[0m[0;34m,[0m [0;34m'http_error_default'[0m[0;34m)[0m [0;34m+[0m [0morig_args[0m[0;34m[0m[0;34m[0m[0m
[0;32m--> 569[0;31m             [0;32mreturn[0m [0mself[0m[0;34m.[0m[0m_call_chain[0m[0;34m([0m[0;34m*[0m[0margs[0m[0;34m)[0m[0;34m[0m[0;34m[0m[0m
[0m[1;32m    570[0m [0;34m[0m[0m
[1;32m    571[0m [0;31m# XXX probably also want an abstract factory that knows when it makes[0m[0;34m[0m[0;34m[0m[0;34m[0m[0m

[0;32m/usr/share/miniconda/lib/python3.7/urllib/request.py[0m in [0;36m_call_chain[0;34m(self, chain, kind, meth_name, *args)[0m
[1;32m    501[0m         [0;32mfor[0m [0mhandler[0m [0;32min[0m [0mhandlers[0m[0;34m:[0m[0;34m[0m[0;34m[0m[0m
[1;32m    502[0m             [0mfunc[0m [0;34m=[0m [0mgetattr[0m[0;34m([0m[0mhandler[0m[0;34m,[0m [0mmeth_name[0m[0;34m)[0m[0;34m[0m[0;34m[0m[0m
[0;32m--> 503[0;31m             [0mresult[0m [0;34m=[0m [0mfunc[0m[0;34m([0m[0;34m*[0m[0margs[0m[0;34m)[0m[0;34m[0m[0;34m[0m[0m
[0m[1;32m    504[0m             [0;32mif[0m [0mresult[0m [0;32mis[0m [0;32mnot[0m [0;32mNone[0m[0;34m:[0m[0;34m[0m[0;34m[0m[0m
[1;32m    505[0m                 [0;32mreturn[0m [0mresult[0m[0;34m[0m[0;34m[0m[0m

[0;32m/usr/share/miniconda/lib/python3.7/urllib/request.py[0m in [0;36mhttp_error_default[0;34m(self, req, fp, code, msg, hdrs)[0m
[1;32m    647[0m [0;32mclass[0m [0mHTTPDefaultErrorHandler[0m[0;34m([0m[0mBaseHandler[0m[0;34m)[0m[0;34m:[0m[0;34m[0m[0;34m[0m[0m
[1;32m    648[0m     [0;32mdef[0m [0mhttp_error_default[0m[0;34m([0m[0mself[0m[0;34m,[0m [0mreq[0m[0;34m,[0m [0mfp[0m[0;34m,[0m [0mcode[0m[0;34m,[0m [0mmsg[0m[0;34m,[0m [0mhdrs[0m[0;34m)[0m[0;34m:[0m[0;34m[0m[0;34m[0m[0m
[0;32m--> 649[0;31m         [0;32mraise[0m [0mHTTPError[0m[0;34m([0m[0mreq[0m[0;34m.[0m[0mfull_url[0m[0;34m,[0m [0mcode[0m[0;34m,[0m [0mmsg[0m[0;34m,[0m [0mhdrs[0m[0;34m,[0m [0mfp[0m[0;34m)[0m[0;34m[0m[0;34m[0m[0m
[0m[1;32m    650[0m [0;34m[0m[0m
[1;32m    651[0m [0;32mclass[0m [0mHTTPRedirectHandler[0m[0;34m([0m[0mBaseHandler[0m[0;34m)[0m[0;34m:[0m[0;34m[0m[0;34m[0m[0m

[0;31mHTTPError[0m: HTTP Error 403: Forbidden
HTTPError: HTTP Error 403: Forbidden

